#
# There is insufficient memory for the Java Runtime Environment to continue.
# Native memory allocation (malloc) failed to allocate 1048576 bytes for AllocateHeap
# Possible reasons:
#   The system is out of physical RAM or swap space
#   The process is running with CompressedOops enabled, and the Java Heap may be blocking the growth of the native heap
# Possible solutions:
#   Reduce memory load on the system
#   Increase physical memory or swap space
#   Check if swap backing store is full
#   Decrease Java heap size (-Xmx/-Xms)
#   Decrease number of Java threads
#   Decrease Java thread stack sizes (-Xss)
#   Set larger code cache with -XX:ReservedCodeCacheSize=
#   JVM is running with Unscaled Compressed Oops mode in which the Java heap is
#     placed in the first 4GB address space. The Java Heap base address is the
#     maximum limit for the native heap growth. Please use -XX:HeapBaseMinAddress
#     to set the Java Heap base and to place the Java Heap above 4GB virtual address.
# This output file may be truncated or incomplete.
#
#  Out of Memory Error (memory/allocation.inline.hpp:61), pid=15840, tid=0x0000000000003164
#
# JRE version:  (8.0_211-b12) (build )
# Java VM: Java HotSpot(TM) 64-Bit Server VM (25.211-b12 mixed mode windows-amd64 compressed oops)
# Failed to write core dump. Minidumps are not enabled by default on client versions of Windows
#

---------------  T H R E A D  ---------------

Current thread (0x0000000002713000):  JavaThread "Unknown thread" [_thread_in_vm, id=12644, stack(0x00000000024b0000,0x00000000025b0000)]

Stack: [0x00000000024b0000,0x00000000025b0000]
[error occurred during error reporting (printing stack bounds), id 0xc0000005]

Native frames: (J=compiled Java code, j=interpreted, Vv=VM code, C=native code)


---------------  P R O C E S S  ---------------

Java Threads: ( => current thread )

Other Threads:

=>0x0000000002713000 (exited) JavaThread "Unknown thread" [_thread_in_vm, id=12644, stack(0x00000000024b0000,0x00000000025b0000)]

VM state:not at safepoint (normal execution)

VM Mutex/Monitor currently owned by a thread: None

heap address: 0x0000000081e00000, size: 2018 MB, Compressed Oops mode: 32-bit
Narrow klass base: 0x0000000000000000, Narrow klass shift: 3
Compressed class space size: 1073741824 Address: 0x0000000100000000

Heap:
 PSYoungGen      total 38400K, used 665K [0x00000000d5f80000, 0x00000000d8a00000, 0x0000000100000000)
  eden space 33280K, 2% used [0x00000000d5f80000,0x00000000d6026670,0x00000000d8000000)
  from space 5120K, 0% used [0x00000000d8500000,0x00000000d8500000,0x00000000d8a00000)
  to   space 5120K, 0% used [0x00000000d8000000,0x00000000d8000000,0x00000000d8500000)
 ParOldGen       total 87552K, used 0K [0x0000000081e00000, 0x0000000087380000, 0x00000000d5f80000)
  object space 87552K, 0% used [0x0000000081e00000,0x0000000081e00000,0x0000000087380000)
 Metaspace       used 775K, capacity 4480K, committed 4480K, reserved 1056768K
  class space    used 76K, capacity 384K, committed 384K, reserved 1048576K

Card table byte_map: [0x0000000011bd0000,0x0000000011fd0000] byte_map_base: 0x00000000117c1000

Marking Bits: (ParMarkBitMap*) 0x0000000069e35ce0
 Begin Bits: [0x0000000012680000, 0x0000000014608000)
 End Bits:   [0x0000000014608000, 0x0000000016590000)

Polling page: 0x0000000000ba0000

CodeCache: size=245760Kb used=328Kb max_used=328Kb free=245431Kb
 bounds [0x0000000002810000, 0x0000000002a80000, 0x0000000011810000]
 total_blobs=58 nmethods=0 adapters=38
 compilation: enabled

Compilation events (0 events):
No events

GC Heap History (0 events):
No events

Deoptimization events (0 events):
No events

Classes redefined (0 events):
No events

Internal exceptions (0 events):
No events

Events (10 events):
Event: 0.027 loading class java/lang/Short
Event: 0.027 loading class java/lang/Short done
Event: 0.027 loading class java/lang/Integer
Event: 0.028 loading class java/lang/Integer done
Event: 0.028 loading class java/lang/Long
Event: 0.028 loading class java/lang/Long done
Event: 0.028 loading class java/lang/NullPointerException
Event: 0.029 loading class java/lang/NullPointerException done
Event: 0.029 loading class java/lang/ArithmeticException
Event: 0.029 loading class java/lang/ArithmeticException done


Dynamic libraries:
0x00007ff653aa0000 - 0x00007ff653ad7000 	C:\Program Files\Java\jdk1.8.0_211\bin\java.exe
0x00007ffa2b6c0000 - 0x00007ffa2b8ad000 	C:\Windows\SYSTEM32\ntdll.dll
0x00007ffa2af20000 - 0x00007ffa2afd3000 	C:\Windows\System32\KERNEL32.DLL
0x00007ffa27bf0000 - 0x00007ffa27e83000 	C:\Windows\System32\KERNELBASE.dll
0x00007ffa28f20000 - 0x00007ffa28fc3000 	C:\Windows\System32\ADVAPI32.dll
0x00007ffa28900000 - 0x00007ffa2899e000 	C:\Windows\System32\msvcrt.dll
0x00007ffa2aa30000 - 0x00007ffa2aace000 	C:\Windows\System32\sechost.dll
0x00007ffa28fd0000 - 0x00007ffa290f3000 	C:\Windows\System32\RPCRT4.dll
0x00007ffa2ac40000 - 0x00007ffa2add7000 	C:\Windows\System32\USER32.dll
0x00007ffa27790000 - 0x00007ffa277b0000 	C:\Windows\System32\win32u.dll
0x00007ffa289a0000 - 0x00007ffa289c9000 	C:\Windows\System32\GDI32.dll
0x00007ffa279b0000 - 0x00007ffa27b4a000 	C:\Windows\System32\gdi32full.dll
0x00007ffa27b50000 - 0x00007ffa27bf0000 	C:\Windows\System32\msvcp_win.dll
0x00007ffa277b0000 - 0x00007ffa278ac000 	C:\Windows\System32\ucrtbase.dll
0x00007ffa072d0000 - 0x00007ffa07549000 	C:\Windows\WinSxS\amd64_microsoft.windows.common-controls_6595b64144ccf1df_6.0.17763.107_none_05b63884071e656e\COMCTL32.dll
0x00007ffa29100000 - 0x00007ffa2942e000 	C:\Windows\System32\combase.dll
0x00007ffa28690000 - 0x00007ffa2870e000 	C:\Windows\System32\bcryptPrimitives.dll
0x00007ffa2b000000 - 0x00007ffa2b02e000 	C:\Windows\System32\IMM32.DLL
0x0000000069ec0000 - 0x0000000069f92000 	C:\Program Files\Java\jdk1.8.0_211\jre\bin\msvcr100.dll
0x0000000069610000 - 0x0000000069eb5000 	C:\Program Files\Java\jdk1.8.0_211\jre\bin\server\jvm.dll
0x00007ffa2b030000 - 0x00007ffa2b038000 	C:\Windows\System32\PSAPI.DLL
0x00007ffa09a80000 - 0x00007ffa09a89000 	C:\Windows\SYSTEM32\WSOCK32.dll
0x00007ffa258c0000 - 0x00007ffa258e4000 	C:\Windows\SYSTEM32\WINMM.dll
0x00007ffa2b280000 - 0x00007ffa2b2ed000 	C:\Windows\System32\WS2_32.dll
0x00007ffa25860000 - 0x00007ffa2588d000 	C:\Windows\SYSTEM32\winmmbase.dll
0x00007ffa1c050000 - 0x00007ffa1c05a000 	C:\Windows\SYSTEM32\VERSION.dll
0x00007ffa28640000 - 0x00007ffa2868a000 	C:\Windows\System32\cfgmgr32.dll
0x00007ffa1df20000 - 0x00007ffa1df2f000 	C:\Program Files\Java\jdk1.8.0_211\jre\bin\verify.dll
0x00007ffa19020000 - 0x00007ffa19049000 	C:\Program Files\Java\jdk1.8.0_211\jre\bin\java.dll
0x00007ffa1bb70000 - 0x00007ffa1bb93000 	C:\Program Files\Java\jdk1.8.0_211\jre\bin\instrument.dll
0x00007ffa1baf0000 - 0x00007ffa1bb06000 	C:\Program Files\Java\jdk1.8.0_211\jre\bin\zip.dll

VM Arguments:
jvm_args: -javaagent:C:\Program Files\JetBrains\IntelliJ IDEA 2018.3.5\lib\idea_rt.jar=61961:C:\Program Files\JetBrains\IntelliJ IDEA 2018.3.5\bin -Dfile.encoding=UTF-8 
java_command: Test
java_class_path (initial): C:\Program Files\Java\jdk1.8.0_211\jre\lib\charsets.jar;C:\Program Files\Java\jdk1.8.0_211\jre\lib\deploy.jar;C:\Program Files\Java\jdk1.8.0_211\jre\lib\ext\access-bridge-64.jar;C:\Program Files\Java\jdk1.8.0_211\jre\lib\ext\cldrdata.jar;C:\Program Files\Java\jdk1.8.0_211\jre\lib\ext\dnsns.jar;C:\Program Files\Java\jdk1.8.0_211\jre\lib\ext\jaccess.jar;C:\Program Files\Java\jdk1.8.0_211\jre\lib\ext\jfxrt.jar;C:\Program Files\Java\jdk1.8.0_211\jre\lib\ext\localedata.jar;C:\Program Files\Java\jdk1.8.0_211\jre\lib\ext\nashorn.jar;C:\Program Files\Java\jdk1.8.0_211\jre\lib\ext\sunec.jar;C:\Program Files\Java\jdk1.8.0_211\jre\lib\ext\sunjce_provider.jar;C:\Program Files\Java\jdk1.8.0_211\jre\lib\ext\sunmscapi.jar;C:\Program Files\Java\jdk1.8.0_211\jre\lib\ext\sunpkcs11.jar;C:\Program Files\Java\jdk1.8.0_211\jre\lib\ext\zipfs.jar;C:\Program Files\Java\jdk1.8.0_211\jre\lib\javaws.jar;C:\Program Files\Java\jdk1.8.0_211\jre\lib\jce.jar;C:\Program Files\Java\jdk1.8.0_211\jre\lib\jfr.jar;C:\Program Files\Java\jdk1.8.0_211\jre\lib\jfxswt.jar;C:\Program Files\Java\jdk1.8.0_211\jre\lib\jsse.jar;C:\Program Files\Java\jdk1.8.0_211\jre\lib\management-agent.jar;C:\Program Files\Java\jdk1.8.0_211\jre\lib\plugin.jar;C:\Program Files\Java\jdk1.8.0_211\jre\lib\resources.jar;C:\Program Files\Java\jdk1.8.0_211\jre\lib\rt.jar;D:\GitHub\SCU\target\classes;C:\Users\Admin\.m2\repository\org\dcm4che\dcm4che-core\5.18.0\dcm4che-core-5.18.0.jar;C:\Users\Admin\.m2\repository\org\dcm4che\dcm4che-dict\5.18.0\dcm4che-dict-5.18.0.jar;C:\Users\Admin\.m2\repository\org\slf4j\slf4j-api\1.7.25\slf4j-api-1.7.25.jar;C:\Users\Admin\.m2\repository\org\dcm4che\dcm4che-net\5.18.0\dcm4che-net-5.18.0.jar;C:\Users\Admin\.m2\repository\org\dcm4che\tool\dcm4che-tool-common\5.18.0\dcm4che-tool-common-5.18.0.jar;C:\Users\Admin\.m2\repository\commons-cli\commons-cli\1.4\commons-cli-1.4.jar;C:\Users\Admin\.m2\repository\org\slf4j\slf4j-simple\1.7.28\slf4j-simple-1.7.28.jar;C:\Users\Admin\.m2\
Launcher Type: SUN_STANDARD

Environment Variables:
JAVA_HOME=C:\Program Files\Java\jdk1.8.0_211\
PATH=C:\Program Files\Java\jdk1.8.0_211; D:\Setup\apache-maven-3.6.1\bin;C:\Program Files\Git\bin;C:\Program Files\Git\cmd;C:\Program Files\nodejs\;C:\Program Files (x86)\Windows Live\Shared;C:\Windows\System32;C:\Users\Admin\AppData\Roaming\npm
USERNAME=Admin
OS=Windows_NT
PROCESSOR_IDENTIFIER=Intel64 Family 6 Model 60 Stepping 3, GenuineIntel



---------------  S Y S T E M  ---------------

OS: Windows 10.0 , 64 bit Build 17763 (10.0.17763.1)

CPU:total 4 (initial active 4) (4 cores per cpu, 1 threads per core) family 6 model 60 stepping 3, cmov, cx8, fxsr, mmx, sse, sse2, sse3, ssse3, sse4.1, sse4.2, popcnt, avx, avx2, aes, clmul, erms, lzcnt, tsc, tscinvbit, bmi1, bmi2

Memory: 4k page, physical 8257556k(2570420k free), swap 16168208k(50292k free)

vm_info: Java HotSpot(TM) 64-Bit Server VM (25.211-b12) for windows-amd64 JRE (1.8.0_211-b12), built on Apr  1 2019 20:53:26 by "java_re" with MS VC++ 10.0 (VS2010)

time: Thu Nov 14 18:17:28 2019
timezone: SE Asia Standard Time
elapsed time: 0 seconds (0d 0h 0m 0s)

